Determining if the pthread_create exist failed with the following output:
Change Dir: /data1/sammy/caffe/cmake/CMakeFiles/CMakeTmp

Run Build Command:"/usr/bin/gmake" "cmTC_0be05/fast"
/usr/bin/gmake -f CMakeFiles/cmTC_0be05.dir/build.make CMakeFiles/cmTC_0be05.dir/build
gmake[1]: Entering directory `/data1/sammy/caffe/cmake/CMakeFiles/CMakeTmp'
Building C object CMakeFiles/cmTC_0be05.dir/CheckSymbolExists.c.o
/usr/bin/cc    -o CMakeFiles/cmTC_0be05.dir/CheckSymbolExists.c.o   -c /data1/sammy/caffe/cmake/CMakeFiles/CMakeTmp/CheckSymbolExists.c
Linking C executable cmTC_0be05
/usr/local/bin/cmake -E cmake_link_script CMakeFiles/cmTC_0be05.dir/link.txt --verbose=1
/usr/bin/cc      CMakeFiles/cmTC_0be05.dir/CheckSymbolExists.c.o  -o cmTC_0be05 
CMakeFiles/cmTC_0be05.dir/CheckSymbolExists.c.o: In function `main':
CheckSymbolExists.c:(.text+0x16): undefined reference to `pthread_create'
collect2: error: ld returned 1 exit status
gmake[1]: *** [cmTC_0be05] Error 1
gmake[1]: Leaving directory `/data1/sammy/caffe/cmake/CMakeFiles/CMakeTmp'
gmake: *** [cmTC_0be05/fast] Error 2

File /data1/sammy/caffe/cmake/CMakeFiles/CMakeTmp/CheckSymbolExists.c:
/* */
#include <pthread.h>

int main(int argc, char** argv)
{
  (void)argv;
#ifndef pthread_create
  return ((int*)(&pthread_create))[argc];
#else
  (void)argc;
  return 0;
#endif
}

Determining if the function pthread_create exists in the pthreads failed with the following output:
Change Dir: /data1/sammy/caffe/cmake/CMakeFiles/CMakeTmp

Run Build Command:"/usr/bin/gmake" "cmTC_e4925/fast"
/usr/bin/gmake -f CMakeFiles/cmTC_e4925.dir/build.make CMakeFiles/cmTC_e4925.dir/build
gmake[1]: Entering directory `/data1/sammy/caffe/cmake/CMakeFiles/CMakeTmp'
Building C object CMakeFiles/cmTC_e4925.dir/CheckFunctionExists.c.o
/usr/bin/cc   -DCHECK_FUNCTION_EXISTS=pthread_create   -o CMakeFiles/cmTC_e4925.dir/CheckFunctionExists.c.o   -c /usr/local/share/cmake-3.8/Modules/CheckFunctionExists.c
Linking C executable cmTC_e4925
/usr/local/bin/cmake -E cmake_link_script CMakeFiles/cmTC_e4925.dir/link.txt --verbose=1
/usr/bin/cc  -DCHECK_FUNCTION_EXISTS=pthread_create    CMakeFiles/cmTC_e4925.dir/CheckFunctionExists.c.o  -o cmTC_e4925 -lpthreads 
/usr/bin/ld: cannot find -lpthreads
collect2: error: ld returned 1 exit status
gmake[1]: *** [cmTC_e4925] Error 1
gmake[1]: Leaving directory `/data1/sammy/caffe/cmake/CMakeFiles/CMakeTmp'
gmake: *** [cmTC_e4925/fast] Error 2


